[debug] [2018-10-27T10:13:02.058Z] ----------------------------------------------------------------------
[debug] [2018-10-27T10:13:02.061Z] Command:       C:\Program Files\nodejs\node.exe C:\Users\STD\AppData\Roaming\npm\node_modules\firebase-tools\bin\firebase deploy
[debug] [2018-10-27T10:13:02.061Z] CLI Version:   4.2.1
[debug] [2018-10-27T10:13:02.061Z] Platform:      win32
[debug] [2018-10-27T10:13:02.061Z] Node Version:  v8.11.3
[debug] [2018-10-27T10:13:02.061Z] Time:          Sat Oct 27 2018 17:13:02 GMT+0700 (SE Asia Standard Time)
[debug] [2018-10-27T10:13:02.061Z] ----------------------------------------------------------------------
[debug] 
[debug] [2018-10-27T10:13:02.071Z] > command requires scopes: ["email","openid","https://www.googleapis.com/auth/cloudplatformprojects.readonly","https://www.googleapis.com/auth/firebase","https://www.googleapis.com/auth/cloud-platform"]
[debug] [2018-10-27T10:13:02.072Z] > authorizing via signed-in user
[debug] [2018-10-27T10:13:02.074Z] > refreshing access token with scopes: ["email","https://www.googleapis.com/auth/cloud-platform","https://www.googleapis.com/auth/cloudplatformprojects.readonly","https://www.googleapis.com/auth/firebase","openid"]
[debug] [2018-10-27T10:13:02.074Z] >>> HTTP REQUEST POST https://www.googleapis.com/oauth2/v3/token  

[debug] [2018-10-27T10:13:02.349Z] <<< HTTP RESPONSE 200
[debug] [2018-10-27T10:13:02.373Z] >>> HTTP REQUEST GET https://admin.firebase.com/v1/projects/shopee-87359  
 
[debug] [2018-10-27T10:13:03.601Z] <<< HTTP RESPONSE 200
[info] 
[info] === Deploying to 'shopee-87359'...
[info] 
[info] i  deploying hosting
[debug] [2018-10-27T10:13:03.607Z] >>> HTTP REQUEST POST https://firebasehosting.googleapis.com/v1beta1/sites/shopee-87359/versions  

[debug] [2018-10-27T10:13:25.062Z] ----------------------------------------------------------------------
[debug] [2018-10-27T10:13:25.065Z] Command:       C:\Program Files\nodejs\node.exe C:\Users\STD\AppData\Roaming\npm\node_modules\firebase-tools\bin\firebase serve
[debug] [2018-10-27T10:13:25.065Z] CLI Version:   4.2.1
[debug] [2018-10-27T10:13:25.065Z] Platform:      win32
[debug] [2018-10-27T10:13:25.065Z] Node Version:  v8.11.3
[debug] [2018-10-27T10:13:25.066Z] Time:          Sat Oct 27 2018 17:13:25 GMT+0700 (SE Asia Standard Time)
[debug] [2018-10-27T10:13:25.066Z] ----------------------------------------------------------------------
[debug] 
[debug] [2018-10-27T10:13:25.075Z] > command requires scopes: ["email","openid","https://www.googleapis.com/auth/cloudplatformprojects.readonly","https://www.googleapis.com/auth/firebase","https://www.googleapis.com/auth/cloud-platform"]
[debug] [2018-10-27T10:13:25.076Z] > authorizing via signed-in user
[debug] [2018-10-27T10:13:25.078Z] >>> HTTP REQUEST GET https://admin.firebase.com/v1/projects/shopee-87359  
 
[debug] [2018-10-27T10:13:26.131Z] <<< HTTP RESPONSE 200
[debug] [2018-10-27T10:13:26.132Z] >>> HTTP REQUEST GET https://cloudresourcemanager.googleapis.com/v1/projects/shopee-87359  
 
[debug] [2018-10-27T10:13:27.804Z] <<< HTTP RESPONSE 200
[info] 
[info] === Serving from 'D:\977-341\mobilequiz1'...
[info] 
[debug] [2018-10-27T10:13:27.806Z] >>> HTTP REQUEST GET https://mobilesdk-pa.googleapis.com/v1/projects/962649805952/clients/_:getWebAppConfig  
 
[debug] [2018-10-27T10:13:28.650Z] <<< HTTP RESPONSE 200
[info] i  hosting[shopee-87359]: Serving hosting files from: public
[info] +  hosting[shopee-87359]: Local server: http://localhost:5000
[debug] [2018-10-27T23:50:29.631Z] ----------------------------------------------------------------------
[debug] [2018-10-27T23:50:29.634Z] Command:       C:\Program Files\nodejs\node.exe C:\Users\STD\AppData\Roaming\npm\node_modules\firebase-tools\bin\firebase serve
[debug] [2018-10-27T23:50:29.634Z] CLI Version:   4.2.1
[debug] [2018-10-27T23:50:29.634Z] Platform:      win32
[debug] [2018-10-27T23:50:29.634Z] Node Version:  v8.11.3
[debug] [2018-10-27T23:50:29.635Z] Time:          Sun Oct 28 2018 06:50:29 GMT+0700 (SE Asia Standard Time)
[debug] [2018-10-27T23:50:29.635Z] ----------------------------------------------------------------------
[debug] 
[debug] [2018-10-27T23:50:29.687Z] > command requires scopes: ["email","openid","https://www.googleapis.com/auth/cloudplatformprojects.readonly","https://www.googleapis.com/auth/firebase","https://www.googleapis.com/auth/cloud-platform"]
[debug] [2018-10-27T23:50:29.687Z] > authorizing via signed-in user
[debug] [2018-10-27T23:50:29.689Z] > refreshing access token with scopes: ["email","https://www.googleapis.com/auth/cloud-platform","https://www.googleapis.com/auth/cloudplatformprojects.readonly","https://www.googleapis.com/auth/firebase","openid"]
[debug] [2018-10-27T23:50:29.689Z] >>> HTTP REQUEST POST https://www.googleapis.com/oauth2/v3/token  

[debug] [2018-10-27T23:50:29.962Z] <<< HTTP RESPONSE 200
[debug] [2018-10-27T23:50:29.977Z] >>> HTTP REQUEST GET https://admin.firebase.com/v1/projects/shopee-87359  
 
[debug] [2018-10-27T23:50:31.155Z] <<< HTTP RESPONSE 200
[debug] [2018-10-27T23:50:31.156Z] >>> HTTP REQUEST GET https://cloudresourcemanager.googleapis.com/v1/projects/shopee-87359  
 
[debug] [2018-10-27T23:50:32.558Z] <<< HTTP RESPONSE 200
[info] 
[info] === Serving from 'D:\977-341\mobilequiz1'...
[info] 
[debug] [2018-10-27T23:50:32.560Z] >>> HTTP REQUEST GET https://mobilesdk-pa.googleapis.com/v1/projects/962649805952/clients/_:getWebAppConfig  
 
[debug] [2018-10-27T23:50:33.161Z] <<< HTTP RESPONSE 200
[info] i  hosting[shopee-87359]: Serving hosting files from: public
[info] +  hosting[shopee-87359]: Local server: http://localhost:5000
