[debug] [2018-09-18T01:19:27.656Z] ----------------------------------------------------------------------
[debug] [2018-09-18T01:19:27.659Z] Command:       C:\Program Files\nodejs\node.exe C:\Users\STD\AppData\Roaming\npm\node_modules\firebase-tools\bin\firebase serve
[debug] [2018-09-18T01:19:27.659Z] CLI Version:   4.2.1
[debug] [2018-09-18T01:19:27.659Z] Platform:      win32
[debug] [2018-09-18T01:19:27.659Z] Node Version:  v8.11.3
[debug] [2018-09-18T01:19:27.660Z] Time:          Tue Sep 18 2018 08:19:27 GMT+0700 (SE Asia Standard Time)
[debug] [2018-09-18T01:19:27.660Z] ----------------------------------------------------------------------
[debug] 
[debug] [2018-09-18T01:19:27.669Z] > command requires scopes: ["email","openid","https://www.googleapis.com/auth/cloudplatformprojects.readonly","https://www.googleapis.com/auth/firebase","https://www.googleapis.com/auth/cloud-platform"]
[debug] [2018-09-18T01:19:27.670Z] > authorizing via signed-in user
[debug] [2018-09-18T01:19:27.672Z] >>> HTTP REQUEST GET https://admin.firebase.com/v1/projects/shopee-87359  
 
[debug] [2018-09-18T01:19:28.834Z] <<< HTTP RESPONSE 200
[debug] [2018-09-18T01:19:28.835Z] >>> HTTP REQUEST GET https://cloudresourcemanager.googleapis.com/v1/projects/shopee-87359  
 
[debug] [2018-09-18T01:19:30.185Z] <<< HTTP RESPONSE 200
[info] 
[info] === Serving from 'D:\977-341\mobilequiz1'...
[info] 
[debug] [2018-09-18T01:19:30.187Z] >>> HTTP REQUEST GET https://mobilesdk-pa.googleapis.com/v1/projects/962649805952/clients/_:getWebAppConfig  
 
[debug] [2018-09-18T01:19:30.657Z] <<< HTTP RESPONSE 200
[info] i  hosting[shopee-87359]: Serving hosting files from: public
[info] +  hosting[shopee-87359]: Local server: http://localhost:5000
